
bb_init()
    conn:
    proto_major = 7
    proto_minor = 14
    async_read = 1
    max_write = 131072
    max_readahead = 131072
    capable = 0000007b
    want = 00000010
    context:
    fuse = 02152540
    uid = 0
    gid = 0
    pid = 0
    private_data = 02151010
    logfile = 02152040
    rootdir = /home/kmayo001/bbfs/fuse-tutorial-2014-06-12/example/rootdir
    umask = 00000

bb_getattr(path="/", statbuf=0xd3728d10)
    bb_fullpath:  rootdir = "/home/kmayo001/bbfs/fuse-tutorial-2014-06-12/example/rootdir", path = "/", fpath = "/home/kmayo001/bbfs/fuse-tutorial-2014-06-12/example/rootdir/"
    si:
    st_dev = 2049
    st_ino = 8310
    st_mode = 040775
    st_nlink = 2
    st_uid = 500
    st_gid = 500
    st_rdev = 0
    st_size = 4096
    st_blksize = 4096
    st_blocks = 8
    st_atime = 0x56187d5e
    st_mtime = 0x56187d5e
    st_ctime = 0x56187d5e

bb_opendir(path="/", fi=0xd3728d80)
    bb_fullpath:  rootdir = "/home/kmayo001/bbfs/fuse-tutorial-2014-06-12/example/rootdir", path = "/", fpath = "/home/kmayo001/bbfs/fuse-tutorial-2014-06-12/example/rootdir/"
    fi:
    flags = 0x00098800
    fh_old = 0x00000000
    writepage = 0
    direct_io = 0
    keep_cache = 0
    fh = 0x00007f44cc000c80
    lock_owner = 0x0000000000000000

bb_readdir(path="/", buf=0xcc000af0, filler=0xd40f3170, offset=0, fi=0xd2d27d80)
calling filler with name bogus.txt
calling filler with name ..
calling filler with name .
    fi:
    flags = 0x00000000
    fh_old = 0x7f44cc000c80
    writepage = 0
    direct_io = 0
    keep_cache = 0
    fh = 0x00007f44cc000c80
    lock_owner = 0x0000000000000000

bb_getattr(path="/bogus.txt", statbuf=0xd3728d40)
    bb_fullpath:  rootdir = "/home/kmayo001/bbfs/fuse-tutorial-2014-06-12/example/rootdir", path = "/bogus.txt", fpath = "/home/kmayo001/bbfs/fuse-tutorial-2014-06-12/example/rootdir/bogus.txt"
    si:
    st_dev = 2049
    st_ino = 8311
    st_mode = 0100664
    st_nlink = 1
    st_uid = 500
    st_gid = 500
    st_rdev = 0
    st_size = 11
    st_blksize = 4096
    st_blocks = 8
    st_atime = 0x56187d5e
    st_mtime = 0x56187d5e
    st_ctime = 0x56187d5e

bb_releasedir(path="/", fi=0xd3728d80)
    fi:
    flags = 0x00000000
    fh_old = 0x7f44cc000c80
    writepage = 0
    direct_io = 0
    keep_cache = 0
    fh = 0x00007f44cc000c80
    lock_owner = 0x0000000000000000

bb_destroy(userdata=0x02151010)
